+ source src/scripts/common.bash
++ IS_INTEGRATION_TEST=:false
++ CODENAME=bookworm
++ ARCH=amd64
+++ git rev-parse --show-toplevel
++ BASEDIR=/home/rescuezilla
++ RESCUEZILLA_ISO_FILENAME=rescuezilla.amd64.bookworm.iso
++ BASE_BUILD_DIRECTORY=/home/rescuezilla/build
++ BUILD_DIRECTORY=/home/rescuezilla/build/bookworm.amd64
++ mkdir -p /home/rescuezilla/build/bookworm.amd64/chroot
+++ readlink -f /home/rescuezilla/build/bookworm.amd64
++ BUILD_DIRECTORY=/home/rescuezilla/build/bookworm.amd64
++ PKG_CACHE_DIRECTORY=pkg.cache
++ DEBOOTSTRAP_SCRIPT_DIRECTORY=/home/rescuezilla/src/third-party/debootstrap
++ DEBOOTSTRAP_CACHE_DIRECTORY=debootstrap.bookworm.amd64
++ APT_PKG_CACHE_DIRECTORY=var.cache.apt.archives.bookworm.amd64
++ APT_INDEX_CACHE_DIRECTORY=var.lib.apt.lists.bookworm.amd64
+ '[' bookworm = INVALID ']'
+ '[' amd64 = INVALID ']'
+ GPG_CHECK_OPTS=
+ '[' bookworm = bionic ']'
+ '[' '!' -d pkg.cache/debootstrap.bookworm.amd64 ']'
+ echo 'Copy debootstrap package cache'
Copy debootstrap package cache
+ rsync --archive pkg.cache/debootstrap.bookworm.amd64/ /home/rescuezilla/build/bookworm.amd64/chroot/
+ RET=0
+ [[ 0 -ne 0 ]]
+ chroot /home/rescuezilla/build/bookworm.amd64/chroot/ /bin/bash -c 'DEBOOTSTRAP_DIR="debootstrap" ./debootstrap/debootstrap --second-stage '
I: Installing core packages...
I: Unpacking required packages...
I: Unpacking adduser...
I: Unpacking apt...
I: Unpacking base-files...
I: Unpacking base-passwd...
I: Unpacking bash...
I: Unpacking bsdutils...
I: Unpacking coreutils...
I: Unpacking dash...
I: Unpacking debconf...
I: Unpacking debian-archive-keyring...
I: Unpacking debianutils...
I: Unpacking diffutils...
I: Unpacking dpkg...
I: Unpacking e2fsprogs...
I: Unpacking findutils...
I: Unpacking gcc-12-base:amd64...
I: Unpacking gpgv...
I: Unpacking grep...
I: Unpacking gzip...
I: Unpacking hostname...
I: Unpacking init-system-helpers...
I: Unpacking libacl1:amd64...
I: Unpacking libapt-pkg6.0:amd64...
I: Unpacking libattr1:amd64...
I: Unpacking libaudit-common...
I: Unpacking libaudit1:amd64...
I: Unpacking libblkid1:amd64...
I: Unpacking libbz2-1.0:amd64...
I: Unpacking libc-bin...
I: Unpacking libc6:amd64...
I: Unpacking libcap-ng0:amd64...
I: Unpacking libcap2:amd64...
I: Unpacking libcom-err2:amd64...
I: Unpacking libcrypt1:amd64...
I: Unpacking libdb5.3:amd64...
I: Unpacking libdebconfclient0:amd64...
I: Unpacking libext2fs2:amd64...
I: Unpacking libffi8:amd64...
I: Unpacking libgcc-s1:amd64...
I: Unpacking libgcrypt20:amd64...
I: Unpacking libgmp10:amd64...
I: Unpacking libgnutls30:amd64...
I: Unpacking libgpg-error0:amd64...
I: Unpacking libhogweed6:amd64...
I: Unpacking libidn2-0:amd64...
I: Unpacking liblz4-1:amd64...
I: Unpacking liblzma5:amd64...
I: Unpacking libmd0:amd64...
I: Unpacking libmount1:amd64...
I: Unpacking libnettle8:amd64...
I: Unpacking libp11-kit0:amd64...
I: Unpacking libpam-modules:amd64...
I: Unpacking libpam-modules-bin...
I: Unpacking libpam-runtime...
I: Unpacking libpam0g:amd64...
I: Unpacking libpcre2-8-0:amd64...
I: Unpacking libseccomp2:amd64...
I: Unpacking libselinux1:amd64...
I: Unpacking libsemanage-common...
I: Unpacking libsemanage2:amd64...
I: Unpacking libsepol2:amd64...
I: Unpacking libsmartcols1:amd64...
I: Unpacking libss2:amd64...
I: Unpacking libstdc++6:amd64...
I: Unpacking libsystemd0:amd64...
I: Unpacking libtasn1-6:amd64...
I: Unpacking libtinfo6:amd64...
I: Unpacking libudev1:amd64...
I: Unpacking libunistring2:amd64...
I: Unpacking libuuid1:amd64...
I: Unpacking libxxhash0:amd64...
I: Unpacking libzstd1:amd64...
I: Unpacking login...
I: Unpacking logsave...
I: Unpacking mawk...
I: Unpacking mount...
I: Unpacking ncurses-base...
I: Unpacking ncurses-bin...
I: Unpacking passwd...
I: Unpacking perl-base...
I: Unpacking sed...
I: Unpacking sysvinit-utils...
I: Unpacking tar...
I: Unpacking tzdata...
I: Unpacking usr-is-merged...
I: Unpacking util-linux...
I: Unpacking util-linux-extra...
I: Unpacking zlib1g:amd64...
I: Configuring required packages...
I: Configuring debian-archive-keyring...
I: Configuring usr-is-merged...
I: Configuring libaudit-common...
I: Configuring libsemanage-common...
I: Configuring debconf...
I: Configuring gcc-12-base:amd64...
I: Configuring tzdata...
I: Configuring ncurses-base...
I: Configuring init-system-helpers...
I: Configuring libgcc-s1:amd64...
I: Configuring libc6:amd64...
I: Configuring libudev1:amd64...
I: Configuring libffi8:amd64...
I: Configuring libmd0:amd64...
I: Configuring libxxhash0:amd64...
I: Configuring libattr1:amd64...
I: Configuring sysvinit-utils...
I: Configuring libtasn1-6:amd64...
I: Configuring debianutils...
I: Configuring mawk...
I: Configuring libdebconfclient0:amd64...
I: Configuring base-files...
I: Configuring libbz2-1.0:amd64...
I: Configuring libdb5.3:amd64...
I: Configuring libblkid1:amd64...
I: Configuring libstdc++6:amd64...
I: Configuring libtinfo6:amd64...
I: Configuring bash...
I: Configuring libzstd1:amd64...
I: Configuring liblzma5:amd64...
I: Configuring libgpg-error0:amd64...
I: Configuring liblz4-1:amd64...
I: Configuring libc-bin...
I: Configuring ncurses-bin...
I: Configuring libacl1:amd64...
I: Configuring libunistring2:amd64...
I: Configuring libsmartcols1:amd64...
I: Configuring libgcrypt20:amd64...
I: Configuring zlib1g:amd64...
I: Configuring libcrypt1:amd64...
I: Configuring libidn2-0:amd64...
I: Configuring libcom-err2:amd64...
I: Configuring diffutils...
I: Configuring libseccomp2:amd64...
I: Configuring libcap2:amd64...
I: Configuring hostname...
I: Configuring libcap-ng0:amd64...
I: Configuring libext2fs2:amd64...
I: Configuring libnettle8:amd64...
I: Configuring libgmp10:amd64...
I: Configuring libp11-kit0:amd64...
I: Configuring libaudit1:amd64...
I: Configuring libuuid1:amd64...
I: Configuring libss2:amd64...
I: Configuring libsepol2:amd64...
I: Configuring libpcre2-8-0:amd64...
I: Configuring logsave...
I: Configuring gpgv...
I: Configuring util-linux-extra...
I: Configuring libhogweed6:amd64...
I: Configuring e2fsprogs...
I: Configuring libsystemd0:amd64...
I: Configuring libselinux1:amd64...
I: Configuring libgnutls30:amd64...
I: Configuring libpam0g:amd64...
I: Configuring libapt-pkg6.0:amd64...
I: Configuring sed...
I: Configuring findutils...
I: Configuring libmount1:amd64...
I: Configuring libsemanage2:amd64...
I: Configuring base-passwd...
I: Configuring bsdutils...
I: Configuring tar...
I: Configuring libpam-modules-bin...
I: Configuring coreutils...
I: Configuring util-linux...
I: Configuring dpkg...
I: Configuring mount...
I: Configuring dash...
I: Configuring libpam-modules:amd64...
I: Configuring grep...
I: Configuring perl-base...
I: Configuring gzip...
I: Configuring passwd...
I: Configuring libpam-runtime...
I: Configuring login...
I: Configuring adduser...
I: Configuring apt...
I: Configuring libc-bin...
I: Unpacking the base system...
I: Unpacking apt-utils...
I: Unpacking cpio...
I: Unpacking cron...
I: Unpacking debconf-i18n...
I: Unpacking dmidecode...
I: Unpacking fdisk...
I: Unpacking ifupdown...
I: Unpacking init...
I: Unpacking iproute2...
I: Unpacking iputils-ping...
I: Unpacking isc-dhcp-client...
I: Unpacking isc-dhcp-common...
I: Unpacking kmod...
I: Unpacking less...
I: Unpacking libbpf1:amd64...
I: Unpacking libbsd0:amd64...
I: Unpacking libcap2-bin...
I: Unpacking libedit2:amd64...
I: Unpacking libelf1:amd64...
I: Unpacking libgssapi-krb5-2:amd64...
I: Unpacking libjansson4:amd64...
I: Unpacking libk5crypto3:amd64...
I: Unpacking libkeyutils1:amd64...
I: Unpacking libkrb5-3:amd64...
I: Unpacking libkrb5support0:amd64...
I: Unpacking liblocale-gettext-perl...
I: Unpacking libmnl0:amd64...
I: Unpacking libncursesw6:amd64...
I: Unpacking libnewt0.52:amd64...
I: Unpacking libnftables1:amd64...
I: Unpacking libnftnl11:amd64...
I: Unpacking libpopt0:amd64...
I: Unpacking libproc2-0:amd64...
I: Unpacking libreadline8:amd64...
I: Unpacking libslang2:amd64...
I: Unpacking libtext-charwidth-perl:amd64...
I: Unpacking libtext-iconv-perl:amd64...
I: Unpacking libtext-wrapi18n-perl...
I: Unpacking libtirpc-common...
I: Unpacking libtirpc3:amd64...
I: Unpacking libxtables12:amd64...
I: Unpacking logrotate...
I: Unpacking nano...
I: Unpacking netbase...
I: Unpacking nftables...
I: Unpacking procps...
I: Unpacking readline-common...
I: Unpacking sensible-utils...
I: Unpacking tasksel...
I: Unpacking tasksel-data...
I: Unpacking udev...
I: Unpacking vim-common...
I: Unpacking vim-tiny...
I: Unpacking whiptail...
I: Configuring the base system...
I: Configuring cpio...
I: Configuring libtext-iconv-perl:amd64...
I: Configuring libtext-charwidth-perl:amd64...
I: Configuring libkeyutils1:amd64...
I: Configuring apt-utils...
I: Configuring init...
I: Configuring libtirpc-common...
I: Configuring less...
I: Configuring kmod...
I: Configuring libtext-wrapi18n-perl...
I: Configuring libjansson4:amd64...
I: Configuring libkrb5support0:amd64...
I: Configuring libcap2-bin...
I: Configuring vim-common...
I: Configuring libslang2:amd64...
I: Configuring libproc2-0:amd64...
I: Configuring libmnl0:amd64...
I: Configuring udev...
I: Configuring libncursesw6:amd64...
I: Configuring libk5crypto3:amd64...
I: Configuring libxtables12:amd64...
I: Configuring nano...
I: Configuring sensible-utils...
I: Configuring procps...
I: Configuring netbase...
I: Configuring isc-dhcp-common...
I: Configuring libkrb5-3:amd64...
I: Configuring dmidecode...
I: Configuring libbsd0:amd64...
I: Configuring libelf1:amd64...
I: Configuring iputils-ping...
I: Configuring readline-common...
I: Configuring liblocale-gettext-perl...
I: Configuring libbpf1:amd64...
I: Configuring libpopt0:amd64...
I: Configuring logrotate...
I: Configuring libnewt0.52:amd64...
I: Configuring libedit2:amd64...
I: Configuring libreadline8:amd64...
I: Configuring cron...
I: Configuring debconf-i18n...
I: Configuring libnftnl11:amd64...
I: Configuring vim-tiny...
I: Configuring fdisk...
I: Configuring libgssapi-krb5-2:amd64...
I: Configuring whiptail...
I: Configuring libtirpc3:amd64...
I: Configuring libnftables1:amd64...
I: Configuring nftables...
I: Configuring iproute2...
I: Configuring isc-dhcp-client...
I: Configuring ifupdown...
I: Configuring tasksel...
I: Configuring tasksel-data...
I: Configuring libc-bin...
I: Base system installed successfully.
+ RET=0
+ [[ 0 -ne 0 ]]
